<?xml version='1.0'?>
<ns2:test-suite xmlns:ns2='urn:model.allure.qatools.yandex.ru' start='1597141910170' stop='1597141930199'>
    <name>Verify whether webdriveruniversity links on homepage work correctly</name>
    <title>Verify whether webdriveruniversity links on homepage work correctly</title>
    <test-cases>
        <test-case start='1597141910180' status='broken' stop='1597141920190'>
            <name>check that the contact us button opens the contact us page</name>
            <title>check that the contact us button opens the contact us page</title>
            <labels>
                <label name='language' value='javascript'/>
                <label name='framework' value='wdio'/>
                <label name='thread' value='0-0'/>
            </labels>
            <parameters>
                <parameter kind='argument' name='browser' value='chrome'/>
            </parameters>
            <steps/>
            <attachments/>
            <failure>
                <message>Timeout of 10000ms exceeded. The execution in the test "Verify whether webdriveruniversity links on homepage work correctly check that the contact us button opens the contact us page" took too long. Try to reduce the run time or increase your timeout for test specs (https://webdriver.io/docs/timeouts.html). (C:\esh\Seneca\webdriverio-test\test\specs\ChaiTest.js)</message>
                <stack-trace>Error: Timeout of 10000ms exceeded. The execution in the test "Verify whether webdriveruniversity links on homepage work correctly check that the contact us button opens the contact us page" took too long. Try to reduce the run time or increase your timeout for test specs (https://webdriver.io/docs/timeouts.html). (C:\esh\Seneca\webdriverio-test\test\specs\ChaiTest.js)
                    at Test.Runnable._timeoutError (C:\esh\Seneca\webdriverio-test\node_modules\mocha\lib\runnable.js:426:10)
                    at Timeout.&lt;anonymous> (C:\esh\Seneca\webdriverio-test\node_modules\mocha\lib\runnable.js:238:24)
                    at listOnTimeout (internal/timers.js:549:17)
                    at processTimers (internal/timers.js:492:7)</stack-trace>
            </failure>
        </test-case>
        <test-case start='1597141920193' status='broken' stop='1597141930197'>
            <name>check that the login button opens the login portal page</name>
            <title>check that the login button opens the login portal page</title>
            <labels>
                <label name='language' value='javascript'/>
                <label name='framework' value='wdio'/>
                <label name='thread' value='0-0'/>
            </labels>
            <parameters>
                <parameter kind='argument' name='browser' value='chrome'/>
            </parameters>
            <steps/>
            <attachments/>
            <failure>
                <message>Timeout of 10000ms exceeded. The execution in the test "Verify whether webdriveruniversity links on homepage work correctly check that the login button opens the login portal page" took too long. Try to reduce the run time or increase your timeout for test specs (https://webdriver.io/docs/timeouts.html). (C:\esh\Seneca\webdriverio-test\test\specs\ChaiTest.js)</message>
                <stack-trace>Error: Timeout of 10000ms exceeded. The execution in the test "Verify whether webdriveruniversity links on homepage work correctly check that the login button opens the login portal page" took too long. Try to reduce the run time or increase your timeout for test specs (https://webdriver.io/docs/timeouts.html). (C:\esh\Seneca\webdriverio-test\test\specs\ChaiTest.js)
                    at Test.Runnable._timeoutError (C:\esh\Seneca\webdriverio-test\node_modules\mocha\lib\runnable.js:426:10)
                    at Timeout.&lt;anonymous> (C:\esh\Seneca\webdriverio-test\node_modules\mocha\lib\runnable.js:238:24)
                    at listOnTimeout (internal/timers.js:549:17)
                    at processTimers (internal/timers.js:492:7)</stack-trace>
            </failure>
        </test-case>
    </test-cases>
</ns2:test-suite>