<?xml version='1.0'?>
<ns2:test-suite xmlns:ns2='urn:model.allure.qatools.yandex.ru' start='1597145296549' stop='1597145342097'>
    <name>Test Contact Us form WebdriverUni</name>
    <title>Test Contact Us form WebdriverUni</title>
    <test-cases>
        <test-case start='1597145296550' status='broken' stop='1597145311592'>
            <name>Should be able to submit a successful submission via contact us form</name>
            <title>Should be able to submit a successful submission via contact us form</title>
            <labels>
                <label name='language' value='javascript'/>
                <label name='framework' value='wdio'/>
                <label name='thread' value='0-0'/>
            </labels>
            <parameters>
                <parameter kind='argument' name='browser' value='chrome'/>
            </parameters>
            <steps/>
            <attachments/>
            <failure>
                <message>Timeout of 10000ms exceeded. The execution in the test "Test Contact Us form WebdriverUni Should be able to submit a successful submission via contact us form" took too long. Try to reduce the run time or increase your timeout for test specs (https://webdriver.io/docs/timeouts.html). (C:\esh\Seneca\webdriverio-test\test\specs\contactUsPageTest.js)</message>
                <stack-trace>Error: Timeout of 10000ms exceeded. The execution in the test "Test Contact Us form WebdriverUni Should be able to submit a successful submission via contact us form" took too long. Try to reduce the run time or increase your timeout for test specs (https://webdriver.io/docs/timeouts.html). (C:\esh\Seneca\webdriverio-test\test\specs\contactUsPageTest.js)
                    at Test.Runnable._timeoutError (C:\esh\Seneca\webdriverio-test\node_modules\mocha\lib\runnable.js:426:10)
                    at Timeout.&lt;anonymous> (C:\esh\Seneca\webdriverio-test\node_modules\mocha\lib\runnable.js:238:24)
                    at listOnTimeout (internal/timers.js:549:17)
                    at processTimers (internal/timers.js:492:7)</stack-trace>
            </failure>
        </test-case>
        <test-case start='1597145311595' status='broken' stop='1597145321729'>
            <name>Should not be able to submit a successful submission via contact us form as all fields are required</name>
            <title>Should not be able to submit a successful submission via contact us form as all fields are required</title>
            <labels>
                <label name='language' value='javascript'/>
                <label name='framework' value='wdio'/>
                <label name='thread' value='0-0'/>
            </labels>
            <parameters>
                <parameter kind='argument' name='browser' value='chrome'/>
            </parameters>
            <steps/>
            <attachments/>
            <failure>
                <message>Timeout of 10000ms exceeded. The execution in the test "Test Contact Us form WebdriverUni Should not be able to submit a successful submission via contact us form as all fields are required" took too long. Try to reduce the run time or increase your timeout for test specs (https://webdriver.io/docs/timeouts.html). (C:\esh\Seneca\webdriverio-test\test\specs\contactUsPageTest.js)</message>
                <stack-trace>Error: Timeout of 10000ms exceeded. The execution in the test "Test Contact Us form WebdriverUni Should not be able to submit a successful submission via contact us form as all fields are required" took too long. Try to reduce the run time or increase your timeout for test specs (https://webdriver.io/docs/timeouts.html). (C:\esh\Seneca\webdriverio-test\test\specs\contactUsPageTest.js)
                    at Test.Runnable._timeoutError (C:\esh\Seneca\webdriverio-test\node_modules\mocha\lib\runnable.js:426:10)
                    at Timeout.&lt;anonymous> (C:\esh\Seneca\webdriverio-test\node_modules\mocha\lib\runnable.js:238:24)
                    at listOnTimeout (internal/timers.js:549:17)
                    at processTimers (internal/timers.js:492:7)</stack-trace>
            </failure>
        </test-case>
        <test-case start='1597145321730' status='broken' stop='1597145331914'>
            <name>Should not be able to submit a successful submission via contact us form as all fields are required</name>
            <title>Should not be able to submit a successful submission via contact us form as all fields are required</title>
            <labels>
                <label name='language' value='javascript'/>
                <label name='framework' value='wdio'/>
                <label name='thread' value='0-0'/>
            </labels>
            <parameters>
                <parameter kind='argument' name='browser' value='chrome'/>
            </parameters>
            <steps/>
            <attachments/>
            <failure>
                <message>Timeout of 10000ms exceeded. The execution in the test "Test Contact Us form WebdriverUni Should not be able to submit a successful submission via contact us form as all fields are required" took too long. Try to reduce the run time or increase your timeout for test specs (https://webdriver.io/docs/timeouts.html). (C:\esh\Seneca\webdriverio-test\test\specs\contactUsPageTest.js)</message>
                <stack-trace>Error: Timeout of 10000ms exceeded. The execution in the test "Test Contact Us form WebdriverUni Should not be able to submit a successful submission via contact us form as all fields are required" took too long. Try to reduce the run time or increase your timeout for test specs (https://webdriver.io/docs/timeouts.html). (C:\esh\Seneca\webdriverio-test\test\specs\contactUsPageTest.js)
                    at Test.Runnable._timeoutError (C:\esh\Seneca\webdriverio-test\node_modules\mocha\lib\runnable.js:426:10)
                    at Timeout.&lt;anonymous> (C:\esh\Seneca\webdriverio-test\node_modules\mocha\lib\runnable.js:238:24)
                    at listOnTimeout (internal/timers.js:549:17)
                    at processTimers (internal/timers.js:492:7)</stack-trace>
            </failure>
        </test-case>
        <test-case start='1597145331915' status='broken' stop='1597145342094'>
            <name>Should not be able to submit a successful submission via contact us form as all fields are required</name>
            <title>Should not be able to submit a successful submission via contact us form as all fields are required</title>
            <labels>
                <label name='language' value='javascript'/>
                <label name='framework' value='wdio'/>
                <label name='thread' value='0-0'/>
            </labels>
            <parameters>
                <parameter kind='argument' name='browser' value='chrome'/>
            </parameters>
            <steps/>
            <attachments/>
            <failure>
                <message>Timeout of 10000ms exceeded. The execution in the test "Test Contact Us form WebdriverUni Should not be able to submit a successful submission via contact us form as all fields are required" took too long. Try to reduce the run time or increase your timeout for test specs (https://webdriver.io/docs/timeouts.html). (C:\esh\Seneca\webdriverio-test\test\specs\contactUsPageTest.js)</message>
                <stack-trace>Error: Timeout of 10000ms exceeded. The execution in the test "Test Contact Us form WebdriverUni Should not be able to submit a successful submission via contact us form as all fields are required" took too long. Try to reduce the run time or increase your timeout for test specs (https://webdriver.io/docs/timeouts.html). (C:\esh\Seneca\webdriverio-test\test\specs\contactUsPageTest.js)
                    at Test.Runnable._timeoutError (C:\esh\Seneca\webdriverio-test\node_modules\mocha\lib\runnable.js:426:10)
                    at Timeout.&lt;anonymous> (C:\esh\Seneca\webdriverio-test\node_modules\mocha\lib\runnable.js:238:24)
                    at listOnTimeout (internal/timers.js:549:17)
                    at processTimers (internal/timers.js:492:7)</stack-trace>
            </failure>
        </test-case>
    </test-cases>
</ns2:test-suite>